<?xml version="1.0" encoding="UTF-8"?>
<!-- Generated by org.testng.reporters.JUnitReportReporter -->
<testsuite hostname="YASH-LAPTOP" failures="0" tests="1" name="Test_Scenerio.Testmethods" time="607.156" errors="0" timestamp="2023-09-04T12:17:08 GST" skipped="0">
  <testcase classname="Test_Scenerio.Testmethods" name="GetLinks" time="607.156"/>
</testsuite> <!-- Test_Scenerio.Testmethods -->
