<?xml version="1.0" encoding="UTF-8"?>
<!-- Generated by org.testng.reporters.JUnitReportReporter -->
<testsuite hostname="YASH-LAPTOP" failures="0" tests="1" name="Test_Scenerio.Testmethods" time="430.828" errors="0" timestamp="2023-08-28T15:57:24 GST" skipped="0">
  <testcase classname="Test_Scenerio.Testmethods" name="GetLinks" time="430.828"/>
</testsuite> <!-- Test_Scenerio.Testmethods -->
